<?xml version="1.0" encoding="UTF-8"?>
<testng-results ignored="0" total="1" passed="1" failed="0" skipped="0">
  <reporter-output>
  </reporter-output>
  <suite started-at="2024-02-21T11:09:58 IST" name="Suite" finished-at="2024-02-21T11:10:03 IST" duration-ms="5017">
    <groups>
    </groups>
    <test started-at="2024-02-21T11:09:58 IST" name="Test" finished-at="2024-02-21T11:10:03 IST" duration-ms="5017">
      <class name="testGITInt.test">
        <test-method signature="test1()[pri:0, instance:testGITInt.test@a530d0a]" started-at="2024-02-21T11:09:58 IST" name="test1" finished-at="2024-02-21T11:10:03 IST" duration-ms="4975" status="PASS">
          <reporter-output>
          </reporter-output>
        </test-method> <!-- test1 -->
      </class> <!-- testGITInt.test -->
    </test> <!-- Test -->
  </suite> <!-- Suite -->
</testng-results>
